# JRE version: Java(TM) SE Runtime Environment (13.0.1+9) (build 13.0.1+9)
# Java VM: Java HotSpot(TM) 64-Bit Server VM (13.0.1+9, mixed mode, sharing, tiered, compressed oops, g1 gc, bsd-amd64)
Heap:
 garbage-first heap   total 66560K, used 36238K [0x0000000780000000, 0x0000000800000000)
  region size 1024K, 2 young (2048K), 1 survivors (1024K)
 Metaspace       used 46852K, capacity 48003K, committed 48412K, reserved 1091584K
  class space    used 5834K, capacity 6292K, committed 6348K, reserved 1048576K
GC Heap History (20 events):
Event: 6.421 GC heap before
{Heap before GC invocations=3 (full 0):
 garbage-first heap   total 133120K, used 47153K [0x0000000780000000, 0x0000000800000000)
  region size 1024K, 42 young (43008K), 2 survivors (2048K)
 Metaspace       used 17299K, capacity 17880K, committed 18176K, reserved 1064960K
  class space    used 2229K, capacity 2443K, committed 2560K, reserved 1048576K
}
Event: 6.426 GC heap after
{Heap after GC invocations=4 (full 0):
 garbage-first heap   total 133120K, used 8720K [0x0000000780000000, 0x0000000800000000)
  region size 1024K, 4 young (4096K), 4 survivors (4096K)
 Metaspace       used 17299K, capacity 17880K, committed 18176K, reserved 1064960K
  class space    used 2229K, capacity 2443K, committed 2560K, reserved 1048576K
}
Event: 7.024 GC heap before
{Heap before GC invocations=4 (full 0):
 garbage-first heap   total 133120K, used 42512K [0x0000000780000000, 0x0000000800000000)
  region size 1024K, 38 young (38912K), 4 survivors (4096K)
 Metaspace       used 20582K, capacity 21123K, committed 21296K, reserved 1067008K
  class space    used 2642K, capacity 2846K, committed 2944K, reserved 1048576K
}
Event: 7.033 GC heap after
{Heap after GC invocations=5 (full 0):
 garbage-first heap   total 133120K, used 10187K [0x0000000780000000, 0x0000000800000000)
  region size 1024K, 5 young (5120K), 5 survivors (5120K)
 Metaspace       used 20582K, capacity 21123K, committed 21296K, reserved 1067008K
  class space    used 2642K, capacity 2846K, committed 2944K, reserved 1048576K
}
Event: 7.579 GC heap before
{Heap before GC invocations=6 (full 0):
 garbage-first heap   total 45056K, used 31691K [0x0000000780000000, 0x0000000800000000)
  region size 1024K, 26 young (26624K), 5 survivors (5120K)
 Metaspace       used 24029K, capacity 24710K, committed 24880K, reserved 1071104K
  class space    used 3106K, capacity 3397K, committed 3456K, reserved 1048576K
}
Event: 7.592 GC heap after
{Heap after GC invocations=7 (full 0):
 garbage-first heap   total 45056K, used 11722K [0x0000000780000000, 0x0000000800000000)
  region size 1024K, 4 young (4096K), 4 survivors (4096K)
 Metaspace       used 24029K, capacity 24710K, committed 24880K, reserved 1071104K
  class space    used 3106K, capacity 3397K, committed 3456K, reserved 1048576K
}
Event: 7.967 GC heap before
{Heap before GC invocations=7 (full 0):
 garbage-first heap   total 45056K, used 29130K [0x0000000780000000, 0x0000000800000000)
  region size 1024K, 22 young (22528K), 4 survivors (4096K)
 Metaspace       used 26802K, capacity 27596K, committed 27824K, reserved 1073152K
  class space    used 3419K, capacity 3739K, committed 3840K, reserved 1048576K
}
Event: 7.978 GC heap after
{Heap after GC invocations=8 (full 0):
 garbage-first heap   total 54272K, used 13221K [0x0000000780000000, 0x0000000800000000)
  region size 1024K, 2 young (2048K), 2 survivors (2048K)
 Metaspace       used 26802K, capacity 27596K, committed 27824K, reserved 1073152K
  class space    used 3419K, capacity 3739K, committed 3840K, reserved 1048576K
}
Event: 8.416 GC heap before
{Heap before GC invocations=8 (full 0):
 garbage-first heap   total 54272K, used 36773K [0x0000000780000000, 0x0000000800000000)
  region size 1024K, 25 young (25600K), 2 survivors (2048K)
 Metaspace       used 29190K, capacity 30072K, committed 30384K, reserved 1075200K
  class space    used 3698K, capacity 4045K, committed 4096K, reserved 1048576K
}
Event: 8.421 GC heap after
{Heap after GC invocations=9 (full 0):
 garbage-first heap   total 54272K, used 14193K [0x0000000780000000, 0x0000000800000000)
  region size 1024K, 3 young (3072K), 3 survivors (3072K)
 Metaspace       used 29190K, capacity 30072K, committed 30384K, reserved 1075200K
  class space    used 3698K, capacity 4045K, committed 4096K, reserved 1048576K
}
Event: 8.811 GC heap before
{Heap before GC invocations=9 (full 0):
 garbage-first heap   total 54272K, used 37745K [0x0000000780000000, 0x0000000800000000)
  region size 1024K, 26 young (26624K), 3 survivors (3072K)
 Metaspace       used 31731K, capacity 32700K, committed 32816K, reserved 1077248K
  class space    used 4053K, capacity 4447K, committed 4480K, reserved 1048576K
}
Event: 8.818 GC heap after
{Heap after GC invocations=10 (full 0):
 garbage-first heap   total 54272K, used 16122K [0x0000000780000000, 0x0000000800000000)
  region size 1024K, 4 young (4096K), 4 survivors (4096K)
 Metaspace       used 31731K, capacity 32700K, committed 32816K, reserved 1077248K
  class space    used 4053K, capacity 4447K, committed 4480K, reserved 1048576K
}
Event: 26.590 GC heap before
{Heap before GC invocations=10 (full 0):
 garbage-first heap   total 54272K, used 31482K [0x0000000780000000, 0x0000000800000000)
  region size 1024K, 20 young (20480K), 4 survivors (4096K)
 Metaspace       used 34757K, capacity 35813K, committed 35920K, reserved 1081344K
  class space    used 4438K, capacity 4863K, committed 4864K, reserved 1048576K
}
Event: 26.599 GC heap after
{Heap after GC invocations=11 (full 0):
 garbage-first heap   total 54272K, used 17093K [0x0000000780000000, 0x0000000800000000)
  region size 1024K, 3 young (3072K), 3 survivors (3072K)
 Metaspace       used 34757K, capacity 35813K, committed 35920K, reserved 1081344K
  class space    used 4438K, capacity 4863K, committed 4864K, reserved 1048576K
}
Event: 27.110 GC heap before
{Heap before GC invocations=12 (full 0):
 garbage-first heap   total 54272K, used 38597K [0x0000000780000000, 0x0000000800000000)
  region size 1024K, 25 young (25600K), 3 survivors (3072K)
 Metaspace       used 42515K, capacity 43703K, committed 44060K, reserved 1087488K
  class space    used 5355K, capacity 5824K, committed 5836K, reserved 1048576K
}
Event: 27.122 GC heap after
{Heap after GC invocations=13 (full 0):
 garbage-first heap   total 54272K, used 20040K [0x0000000780000000, 0x0000000800000000)
  region size 1024K, 4 young (4096K), 4 survivors (4096K)
 Metaspace       used 42515K, capacity 43703K, committed 44060K, reserved 1087488K
  class space    used 5355K, capacity 5824K, committed 5836K, reserved 1048576K
}
Event: 27.546 GC heap before
{Heap before GC invocations=14 (full 0):
 garbage-first heap   total 54272K, used 42568K [0x0000000780000000, 0x0000000800000000)
  region size 1024K, 23 young (23552K), 4 survivors (4096K)
 Metaspace       used 46535K, capacity 47683K, committed 48156K, reserved 1091584K
  class space    used 5764K, capacity 6228K, committed 6348K, reserved 1048576K
}
Event: 27.553 GC heap after
{Heap after GC invocations=15 (full 0):
 garbage-first heap   total 54272K, used 27804K [0x0000000780000000, 0x0000000800000000)
  region size 1024K, 3 young (3072K), 3 survivors (3072K)
 Metaspace       used 46535K, capacity 47683K, committed 48156K, reserved 1091584K
  class space    used 5764K, capacity 6228K, committed 6348K, reserved 1048576K
}
Event: 27.621 GC heap before
{Heap before GC invocations=15 (full 0):
 garbage-first heap   total 54272K, used 33948K [0x0000000780000000, 0x0000000800000000)
  region size 1024K, 10 young (10240K), 3 survivors (3072K)
 Metaspace       used 46815K, capacity 48003K, committed 48412K, reserved 1091584K
  class space    used 5832K, capacity 6292K, committed 6348K, reserved 1048576K
}
Event: 27.624 GC heap after
{Heap after GC invocations=16 (full 0):
 garbage-first heap   total 54272K, used 28046K [0x0000000780000000, 0x0000000800000000)
  region size 1024K, 1 young (1024K), 1 survivors (1024K)
 Metaspace       used 46815K, capacity 48003K, committed 48412K, reserved 1091584K
  class space    used 5832K, capacity 6292K, committed 6348K, reserved 1048576K
}

