# JRE version: Java(TM) SE Runtime Environment (13.0.1+9) (build 13.0.1+9)
# Java VM: Java HotSpot(TM) 64-Bit Server VM (13.0.1+9, mixed mode, sharing, tiered, compressed oops, g1 gc, bsd-amd64)
Heap:
 garbage-first heap   total 68608K, used 36655K [0x0000000780000000, 0x0000000800000000)
  region size 1024K, 2 young (2048K), 1 survivors (1024K)
 Metaspace       used 47232K, capacity 48387K, committed 48720K, reserved 1091584K
  class space    used 5889K, capacity 6356K, committed 6400K, reserved 1048576K
GC Heap History (20 events):
Event: 6.377 GC heap before
{Heap before GC invocations=3 (full 0):
 garbage-first heap   total 133120K, used 50311K [0x0000000780000000, 0x0000000800000000)
  region size 1024K, 44 young (45056K), 2 survivors (2048K)
 Metaspace       used 17799K, capacity 18292K, committed 18432K, reserved 1064960K
  class space    used 2295K, capacity 2491K, committed 2560K, reserved 1048576K
}
Event: 6.382 GC heap after
{Heap after GC invocations=4 (full 0):
 garbage-first heap   total 133120K, used 9066K [0x0000000780000000, 0x0000000800000000)
  region size 1024K, 4 young (4096K), 4 survivors (4096K)
 Metaspace       used 17799K, capacity 18292K, committed 18432K, reserved 1064960K
  class space    used 2295K, capacity 2491K, committed 2560K, reserved 1048576K
}
Event: 6.798 GC heap before
{Heap before GC invocations=4 (full 0):
 garbage-first heap   total 133120K, used 34666K [0x0000000780000000, 0x0000000800000000)
  region size 1024K, 30 young (30720K), 4 survivors (4096K)
 Metaspace       used 20610K, capacity 21155K, committed 21296K, reserved 1067008K
  class space    used 2648K, capacity 2879K, committed 2944K, reserved 1048576K
}
Event: 6.806 GC heap after
{Heap after GC invocations=5 (full 0):
 garbage-first heap   total 133120K, used 10479K [0x0000000780000000, 0x0000000800000000)
  region size 1024K, 5 young (5120K), 5 survivors (5120K)
 Metaspace       used 20610K, capacity 21155K, committed 21296K, reserved 1067008K
  class space    used 2648K, capacity 2879K, committed 2944K, reserved 1048576K
}
Event: 7.251 GC heap before
{Heap before GC invocations=6 (full 0):
 garbage-first heap   total 45056K, used 31983K [0x0000000780000000, 0x0000000800000000)
  region size 1024K, 26 young (26624K), 5 survivors (5120K)
 Metaspace       used 24080K, capacity 24776K, committed 25136K, reserved 1071104K
  class space    used 3104K, capacity 3397K, committed 3456K, reserved 1048576K
}
Event: 7.272 GC heap after
{Heap after GC invocations=7 (full 0):
 garbage-first heap   total 45056K, used 11674K [0x0000000780000000, 0x0000000800000000)
  region size 1024K, 3 young (3072K), 3 survivors (3072K)
 Metaspace       used 24080K, capacity 24776K, committed 25136K, reserved 1071104K
  class space    used 3104K, capacity 3397K, committed 3456K, reserved 1048576K
}
Event: 7.564 GC heap before
{Heap before GC invocations=7 (full 0):
 garbage-first heap   total 45056K, used 29082K [0x0000000780000000, 0x0000000800000000)
  region size 1024K, 21 young (21504K), 3 survivors (3072K)
 Metaspace       used 26814K, capacity 27595K, committed 27824K, reserved 1073152K
  class space    used 3418K, capacity 3739K, committed 3840K, reserved 1048576K
}
Event: 7.573 GC heap after
{Heap after GC invocations=8 (full 0):
 garbage-first heap   total 54272K, used 13164K [0x0000000780000000, 0x0000000800000000)
  region size 1024K, 2 young (2048K), 2 survivors (2048K)
 Metaspace       used 26814K, capacity 27595K, committed 27824K, reserved 1073152K
  class space    used 3418K, capacity 3739K, committed 3840K, reserved 1048576K
}
Event: 7.960 GC heap before
{Heap before GC invocations=8 (full 0):
 garbage-first heap   total 54272K, used 34668K [0x0000000780000000, 0x0000000800000000)
  region size 1024K, 23 young (23552K), 2 survivors (2048K)
 Metaspace       used 28814K, capacity 29646K, committed 29872K, reserved 1075200K
  class space    used 3652K, capacity 4010K, committed 4096K, reserved 1048576K
}
Event: 7.966 GC heap after
{Heap after GC invocations=9 (full 0):
 garbage-first heap   total 54272K, used 14162K [0x0000000780000000, 0x0000000800000000)
  region size 1024K, 3 young (3072K), 3 survivors (3072K)
 Metaspace       used 28814K, capacity 29646K, committed 29872K, reserved 1075200K
  class space    used 3652K, capacity 4010K, committed 4096K, reserved 1048576K
}
Event: 8.363 GC heap before
{Heap before GC invocations=9 (full 0):
 garbage-first heap   total 54272K, used 36690K [0x0000000780000000, 0x0000000800000000)
  region size 1024K, 25 young (25600K), 3 survivors (3072K)
 Metaspace       used 31163K, capacity 32053K, committed 32176K, reserved 1077248K
  class space    used 3975K, capacity 4340K, committed 4352K, reserved 1048576K
}
Event: 8.369 GC heap after
{Heap after GC invocations=10 (full 0):
 garbage-first heap   total 54272K, used 15669K [0x0000000780000000, 0x0000000800000000)
  region size 1024K, 3 young (3072K), 3 survivors (3072K)
 Metaspace       used 31163K, capacity 32053K, committed 32176K, reserved 1077248K
  class space    used 3975K, capacity 4340K, committed 4352K, reserved 1048576K
}
Event: 38.591 GC heap before
{Heap before GC invocations=10 (full 0):
 garbage-first heap   total 54272K, used 35125K [0x0000000780000000, 0x0000000800000000)
  region size 1024K, 23 young (23552K), 3 survivors (3072K)
 Metaspace       used 34824K, capacity 35816K, committed 35920K, reserved 1081344K
  class space    used 4447K, capacity 4864K, committed 4864K, reserved 1048576K
}
Event: 38.614 GC heap after
{Heap after GC invocations=11 (full 0):
 garbage-first heap   total 54272K, used 17127K [0x0000000780000000, 0x0000000800000000)
  region size 1024K, 3 young (3072K), 3 survivors (3072K)
 Metaspace       used 34824K, capacity 35816K, committed 35920K, reserved 1081344K
  class space    used 4447K, capacity 4864K, committed 4864K, reserved 1048576K
}
Event: 39.539 GC heap before
{Heap before GC invocations=12 (full 0):
 garbage-first heap   total 54272K, used 37607K [0x0000000780000000, 0x0000000800000000)
  region size 1024K, 24 young (24576K), 3 survivors (3072K)
 Metaspace       used 42441K, capacity 43590K, committed 43856K, reserved 1087488K
  class space    used 5336K, capacity 5787K, committed 5888K, reserved 1048576K
}
Event: 39.553 GC heap after
{Heap after GC invocations=13 (full 0):
 garbage-first heap   total 54272K, used 20050K [0x0000000780000000, 0x0000000800000000)
  region size 1024K, 3 young (3072K), 3 survivors (3072K)
 Metaspace       used 42441K, capacity 43590K, committed 43856K, reserved 1087488K
  class space    used 5336K, capacity 5787K, committed 5888K, reserved 1048576K
}
Event: 40.333 GC heap before
{Heap before GC invocations=13 (full 0):
 garbage-first heap   total 54272K, used 42578K [0x0000000780000000, 0x0000000800000000)
  region size 1024K, 22 young (22528K), 3 survivors (3072K)
 Metaspace       used 46414K, capacity 47587K, committed 48080K, reserved 1091584K
  class space    used 5716K, capacity 6196K, committed 6272K, reserved 1048576K
}
Event: 40.340 GC heap after
{Heap after GC invocations=14 (full 0):
 garbage-first heap   total 54272K, used 27855K [0x0000000780000000, 0x0000000800000000)
  region size 1024K, 3 young (3072K), 3 survivors (3072K)
 Metaspace       used 46414K, capacity 47587K, committed 48080K, reserved 1091584K
  class space    used 5716K, capacity 6196K, committed 6272K, reserved 1048576K
}
Event: 40.609 GC heap before
{Heap before GC invocations=14 (full 0):
 garbage-first heap   total 54272K, used 36047K [0x0000000780000000, 0x0000000800000000)
  region size 1024K, 13 young (13312K), 3 survivors (3072K)
 Metaspace       used 47129K, capacity 48323K, committed 48720K, reserved 1091584K
  class space    used 5886K, capacity 6356K, committed 6400K, reserved 1048576K
}
Event: 40.614 GC heap after
{Heap after GC invocations=15 (full 0):
 garbage-first heap   total 54272K, used 28463K [0x0000000780000000, 0x0000000800000000)
  region size 1024K, 1 young (1024K), 1 survivors (1024K)
 Metaspace       used 47129K, capacity 48323K, committed 48720K, reserved 1091584K
  class space    used 5886K, capacity 6356K, committed 6400K, reserved 1048576K
}

